2023-12-04 23:04:45 INFO  TelegramBotController:55 - Ответил пользователю Арман
2023-12-05 21:51:55 INFO  TelegramBotController:55 - Ответил пользователю Арман
2023-12-05 22:23:07 INFO  TelegramBotController:73 - Ответил пользователю Арман
2023-12-05 23:04:06 INFO  TelegramBotController:84 - Ответил пользователю Арман
2023-12-13 19:24:37 INFO  TelegramBotController:84 - Ответил пользователю Арман
2023-12-13 19:54:35 INFO  TelegramBotController:84 - Ответил пользователю Арман
2023-12-18 20:21:00 ERROR TelegramBotController:101 - Произошла ошибка: Error executing org.telegram.telegrambots.meta.api.methods.updatingmessages.EditMessageText query: [400] Bad Request: chat not found
2023-12-18 20:21:22 ERROR TelegramBotController:101 - Произошла ошибка: Error executing org.telegram.telegrambots.meta.api.methods.updatingmessages.EditMessageText query: [400] Bad Request: chat not found
2023-12-18 20:21:26 ERROR TelegramBotController:115 - Произошла ошибка: Error executing org.telegram.telegrambots.meta.api.methods.updatingmessages.EditMessageText query: [400] Bad Request: chat not found
2023-12-18 20:22:53 INFO  TelegramBotController:157 - Ответил пользователю Арман
2023-12-18 20:23:11 ERROR TelegramBotController:101 - Произошла ошибка: Error executing org.telegram.telegrambots.meta.api.methods.updatingmessages.EditMessageText query: [400] Bad Request: chat not found
2023-12-18 20:24:21 ERROR TelegramBotController:101 - Произошла ошибка: Error executing org.telegram.telegrambots.meta.api.methods.updatingmessages.EditMessageText query: [400] Bad Request: chat not found
2023-12-18 20:24:23 ERROR TelegramBotController:115 - Произошла ошибка: Error executing org.telegram.telegrambots.meta.api.methods.updatingmessages.EditMessageText query: [400] Bad Request: chat not found
2024-02-15 20:20:13 INFO  TelegramBotController:157 - Ответил пользователю Арман
2024-02-16 19:42:45 INFO  TelegramBotController:157 - Ответил пользователю Арман
2024-02-16 20:17:13 INFO  TelegramBotController:157 - Ответил пользователю Арман
2024-02-19 17:33:12 INFO  TelegramBotController:157 - Ответил пользователю Арман
2024-02-19 18:52:50 INFO  TelegramBotController:157 - Ответил пользователю Арман
2024-02-19 18:53:17 INFO  TelegramBotController:157 - Ответил пользователю Арман
2024-02-19 18:53:26 INFO  TelegramBotController:157 - Ответил пользователю Арман
2024-04-09 20:34:47 INFO  TelegramBotController:157 - Ответил пользователю Арман
2024-04-09 21:45:35 INFO  TelegramBotController:157 - Ответил пользователю Арман
2024-04-09 21:50:59 INFO  TelegramBotController:157 - Ответил пользователю Арман
2024-04-09 22:31:41 INFO  TelegramBotController:157 - Ответил пользователю Арман
2024-04-09 22:31:54 INFO  TelegramBotController:157 - Ответил пользователю Арман
2024-04-09 23:23:52 INFO  TelegramBotController:157 - Ответил пользователю Арман
2024-04-09 23:29:53 INFO  TelegramBotController:163 - Ответил пользователю Арман
2024-04-11 14:54:55 ERROR TelegramBotController:51 - Ошибка настройки списка команд бота: Error executing org.telegram.telegrambots.meta.api.methods.commands.SetMyCommands query: [401] Unauthorized
2024-04-11 14:54:56 ERROR BotInitializer:27 - Произошла ошибка: Error removing old webhook
2024-04-11 14:56:46 ERROR TelegramBotController:51 - Ошибка настройки списка команд бота: Error executing org.telegram.telegrambots.meta.api.methods.commands.SetMyCommands query: [401] Unauthorized
2024-04-11 14:56:47 ERROR BotInitializer:27 - Произошла ошибка: Error removing old webhook
2024-04-11 14:58:06 ERROR TelegramBotController:51 - Ошибка настройки списка команд бота: Error executing org.telegram.telegrambots.meta.api.methods.commands.SetMyCommands query: [401] Unauthorized
2024-04-11 14:58:07 ERROR BotInitializer:27 - Произошла ошибка: Error removing old webhook
2024-04-11 14:58:35 ERROR TelegramBotController:51 - Ошибка настройки списка команд бота: Error executing org.telegram.telegrambots.meta.api.methods.commands.SetMyCommands query: [401] Unauthorized
2024-04-11 14:58:36 ERROR BotInitializer:27 - Произошла ошибка: Error removing old webhook
2024-04-11 15:00:42 INFO  TelegramBotController:163 - Ответил пользователю Арман
2024-04-11 15:07:08 INFO  TelegramBotController:163 - Ответил пользователю Арман
2024-04-11 15:09:08 INFO  TelegramBotController:163 - Ответил пользователю Арман
2024-04-11 15:17:53 INFO  TelegramBotController:163 - Ответил пользователю Арман
2024-04-11 19:00:54 INFO  TelegramBotController:312 - Ответил пользователю Арман
2024-04-11 19:03:05 ERROR TelegramBotController:75 - Ошибка настройки списка команд бота: Error executing org.telegram.telegrambots.meta.api.methods.commands.SetMyCommands query: [400] Bad Request: BOT_COMMAND_INVALID
2024-04-11 19:03:18 INFO  TelegramBotController:313 - Ответил пользователю Арман
2024-04-11 20:19:39 ERROR TelegramBotController:75 - Ошибка настройки списка команд бота: Error executing org.telegram.telegrambots.meta.api.methods.commands.SetMyCommands query: [400] Bad Request: BOT_COMMAND_INVALID
2024-04-11 20:21:09 ERROR TelegramBotController:75 - Ошибка настройки списка команд бота: Error executing org.telegram.telegrambots.meta.api.methods.commands.SetMyCommands query: [400] Bad Request: BOT_COMMAND_INVALID
2024-04-11 20:51:52 INFO  TelegramBotController:313 - Ответил пользователю Арман
2024-04-11 22:04:01 INFO  TelegramBotController:339 - Ответил пользователю Арман
2024-04-11 22:04:50 INFO  TelegramBotController:339 - Ответил пользователю Арман
2024-04-11 22:07:22 INFO  TelegramBotController:343 - Ответил пользователю Арман
2024-04-11 22:15:39 INFO  TelegramBotController:339 - Ответил пользователю Арман
2024-04-11 23:54:09 INFO  TelegramBotController:339 - Ответил пользователю Арман
2024-04-12 00:18:46 INFO  TelegramBotController:359 - Ответил пользователю Арман
2024-04-12 00:23:13 INFO  TelegramBotController:359 - Ответил пользователю Арман
2024-04-12 01:23:52 INFO  TelegramBotController:361 - Ответил пользователю Арман
2024-04-12 02:22:21 INFO  TelegramBotController:471 - Ответил пользователю Арман
2024-04-12 12:41:11 INFO  TelegramBotController:471 - Ответил пользователю Арман
2024-04-12 12:42:02 ERROR TelegramBotController:501 - Произошла ошибка: Unable to execute sendmessage method
2024-04-12 12:42:05 INFO  TelegramBotController:471 - Ответил пользователю Арман
2024-04-12 12:56:10 INFO  TelegramBotController:471 - Ответил пользователю Арман
2024-04-12 13:08:37 INFO  TelegramBotController:486 - Ответил пользователю Арман
2024-04-12 13:09:25 INFO  TelegramBotController:486 - Ответил пользователю Арман
2024-04-12 13:20:17 INFO  TelegramBotController:495 - Ответил пользователю Арман
2024-04-12 13:28:44 INFO  TelegramBotController:495 - Ответил пользователю Арман
2024-04-12 13:34:45 INFO  TelegramBotController:483 - Ответил пользователю Арман
2024-04-12 13:35:26 INFO  TelegramBotController:483 - Ответил пользователю Арман
2024-04-12 13:36:08 INFO  TelegramBotController:483 - Ответил пользователю Арман
2024-04-12 13:38:34 INFO  TelegramBotController:484 - Ответил пользователю Арман
2024-04-12 14:08:32 INFO  TelegramBotController:484 - Ответил пользователю Арман
2024-04-12 16:44:01 INFO  TelegramBotController:485 - Ответил пользователю Арман
